2023-04-30 20:09:12.140 INFO  (main) [   ] o.e.j.u.log Logging initialized @1203ms to org.eclipse.jetty.util.log.Slf4jLog
2023-04-30 20:09:12.328 INFO  (main) [   ] o.e.j.s.Server jetty-9.4.34.v20201102; built: 2020-11-02T14:15:39.302Z; git: e46af88704a893fc12cb0e3bf46e2c7b48a009e7; jvm 11.0.15+10-Ubuntu-0ubuntu0.21.10.1
2023-04-30 20:09:12.355 INFO  (main) [   ] o.e.j.d.p.ScanningAppProvider Deployment monitor [file:///home/silas/site/myproject/solr/server/contexts/] at interval 0
2023-04-30 20:09:12.636 INFO  (main) [   ] o.e.j.w.StandardDescriptorProcessor NO JSP Support for /solr, did not find org.apache.jasper.servlet.JspServlet
2023-04-30 20:09:12.646 INFO  (main) [   ] o.e.j.s.session DefaultSessionIdManager workerName=node0
2023-04-30 20:09:12.646 INFO  (main) [   ] o.e.j.s.session No SessionScavenger set, using defaults
2023-04-30 20:09:12.648 INFO  (main) [   ] o.e.j.s.session node0 Scavenging every 660000ms
2023-04-30 20:09:12.721 INFO  (main) [   ] o.a.s.s.SolrDispatchFilter Using logger factory org.apache.logging.slf4j.Log4jLoggerFactory
2023-04-30 20:09:12.726 INFO  (main) [   ] o.a.s.s.SolrDispatchFilter  ___      _       Welcome to Apache Solr™ version 8.8.1
2023-04-30 20:09:12.726 INFO  (main) [   ] o.a.s.s.SolrDispatchFilter / __| ___| |_ _   Starting in standalone mode on port 8983
2023-04-30 20:09:12.726 INFO  (main) [   ] o.a.s.s.SolrDispatchFilter \__ \/ _ \ | '_|  Install dir: /home/silas/site/myproject/solr
2023-04-30 20:09:12.726 INFO  (main) [   ] o.a.s.s.SolrDispatchFilter |___/\___/_|_|    Start time: 2023-04-30T20:09:12.726527Z
2023-04-30 20:09:12.753 INFO  (main) [   ] o.a.s.c.SolrPaths Using system property solr.solr.home: /home/silas/site/myproject/solr/server/solr
2023-04-30 20:09:12.754 INFO  (main) [   ] o.a.s.c.SolrXmlConfig Loading container configuration from /home/silas/site/myproject/solr/server/solr/solr.xml
2023-04-30 20:09:12.880 INFO  (main) [   ] o.a.s.c.SolrXmlConfig MBean server found: com.sun.jmx.mbeanserver.JmxMBeanServer@183ec003, but no JMX reporters were configured - adding default JMX reporter.
2023-04-30 20:09:13.497 INFO  (main) [   ] o.a.s.h.c.HttpShardHandlerFactory Host whitelist initialized: WhitelistHostChecker [whitelistHosts=null, whitelistHostCheckingEnabled=true]
2023-04-30 20:09:13.770 WARN  (main) [   ] o.e.j.u.s.S.config Trusting all certificates configured for Client@280d9edc[provider=null,keyStore=null,trustStore=null]
2023-04-30 20:09:13.770 WARN  (main) [   ] o.e.j.u.s.S.config No Client EndPointIdentificationAlgorithm configured for Client@280d9edc[provider=null,keyStore=null,trustStore=null]
2023-04-30 20:09:13.933 WARN  (main) [   ] o.e.j.u.s.S.config Trusting all certificates configured for Client@b835727[provider=null,keyStore=null,trustStore=null]
2023-04-30 20:09:13.933 WARN  (main) [   ] o.e.j.u.s.S.config No Client EndPointIdentificationAlgorithm configured for Client@b835727[provider=null,keyStore=null,trustStore=null]
2023-04-30 20:09:14.013 WARN  (main) [   ] o.a.s.c.CoreContainer Not all security plugins configured!  authentication=disabled authorization=disabled.  Solr is only as secure as you make it. Consider configuring authentication/authorization before exposing Solr to users internal or external.  See https://s.apache.org/solrsecurity for more info
2023-04-30 20:09:14.160 INFO  (main) [   ] o.a.s.c.TransientSolrCoreCacheDefault Allocating transient cache for 2147483647 transient cores
2023-04-30 20:09:14.162 INFO  (main) [   ] o.a.s.h.a.MetricsHistoryHandler No .system collection, keeping metrics history in memory.
2023-04-30 20:09:14.255 INFO  (main) [   ] o.a.s.m.r.SolrJmxReporter JMX monitoring for 'solr.node' (registry 'solr.node') enabled at server: com.sun.jmx.mbeanserver.JmxMBeanServer@183ec003
2023-04-30 20:09:14.256 INFO  (main) [   ] o.a.s.m.r.SolrJmxReporter JMX monitoring for 'solr.jvm' (registry 'solr.jvm') enabled at server: com.sun.jmx.mbeanserver.JmxMBeanServer@183ec003
2023-04-30 20:09:14.266 INFO  (main) [   ] o.a.s.m.r.SolrJmxReporter JMX monitoring for 'solr.jetty' (registry 'solr.jetty') enabled at server: com.sun.jmx.mbeanserver.JmxMBeanServer@183ec003
2023-04-30 20:09:14.306 INFO  (main) [   ] o.a.s.c.CorePropertiesLocator Found 1 core definitions underneath /home/silas/site/myproject/solr/server/solr
2023-04-30 20:09:14.307 INFO  (main) [   ] o.a.s.c.CorePropertiesLocator Cores are: [tester]
2023-04-30 20:09:14.358 INFO  (coreLoadExecutor-13-thread-1) [   x:tester] o.a.s.c.SolrConfig Using Lucene MatchVersion: 8.8.1
2023-04-30 20:09:14.426 INFO  (main) [   ] o.e.j.s.h.ContextHandler Started o.e.j.w.WebAppContext@76f7d241{/solr,file:///home/silas/site/myproject/solr/server/solr-webapp/webapp/,AVAILABLE}{/home/silas/site/myproject/solr/server/solr-webapp/webapp}
2023-04-30 20:09:14.449 INFO  (main) [   ] o.e.j.s.AbstractConnector Started ServerConnector@54dcfa5a{HTTP/1.1, (http/1.1, h2c)}{0.0.0.0:8983}
2023-04-30 20:09:14.451 INFO  (main) [   ] o.e.j.s.Server Started @3516ms
2023-04-30 20:09:14.541 WARN  (coreLoadExecutor-13-thread-1) [   x:tester] o.a.s.s.ManagedIndexSchemaFactory The schema has been upgraded to managed, but the non-managed schema schema.xml is still loadable.  PLEASE REMOVE THIS FILE.
2023-04-30 20:09:14.599 INFO  (coreLoadExecutor-13-thread-1) [   x:tester] o.a.s.s.IndexSchema Schema name=default-config
2023-04-30 20:09:14.928 WARN  (coreLoadExecutor-13-thread-1) [   x:tester] o.a.s.s.AbstractSpatialPrefixTreeFieldType FieldType SpatialRecursivePrefixTreeFieldType does not allow omitNorms to be specified in schema, hardcoded behavior is omitNorms=true
2023-04-30 20:09:14.928 WARN  (coreLoadExecutor-13-thread-1) [   x:tester] o.a.s.s.AbstractSpatialPrefixTreeFieldType FieldType SpatialRecursivePrefixTreeFieldType does not allow omitTermFreqAndPositions to be specified in schema, hardcoded behavior is omitTermFreqAndPositions=true
2023-04-30 20:09:14.928 WARN  (coreLoadExecutor-13-thread-1) [   x:tester] o.a.s.s.AbstractSpatialPrefixTreeFieldType FieldType SpatialRecursivePrefixTreeFieldType does not allow termOffsets to be specified in schema, hardcoded behavior is termOffsets=false
2023-04-30 20:09:14.928 WARN  (coreLoadExecutor-13-thread-1) [   x:tester] o.a.s.s.AbstractSpatialPrefixTreeFieldType FieldType SpatialRecursivePrefixTreeFieldType does not allow termPositions to be specified in schema, hardcoded behavior is termPositions=false
2023-04-30 20:09:14.928 WARN  (coreLoadExecutor-13-thread-1) [   x:tester] o.a.s.s.AbstractSpatialPrefixTreeFieldType FieldType SpatialRecursivePrefixTreeFieldType does not allow omitPositions to be specified in schema, hardcoded behavior is omitPositions=true
2023-04-30 20:09:15.074 INFO  (coreLoadExecutor-13-thread-1) [   x:tester] o.a.s.s.IndexSchema Loaded schema default-config/1.6 with uniqueid field id
2023-04-30 20:09:15.123 INFO  (coreLoadExecutor-13-thread-1) [   x:tester] o.a.s.c.CoreContainer Creating SolrCore 'tester' using configuration from instancedir /home/silas/site/myproject/solr/server/solr/tester, trusted=true
2023-04-30 20:09:15.154 INFO  (coreLoadExecutor-13-thread-1) [   x:tester] o.a.s.m.r.SolrJmxReporter JMX monitoring for 'solr.core.tester' (registry 'solr.core.tester') enabled at server: com.sun.jmx.mbeanserver.JmxMBeanServer@183ec003
2023-04-30 20:09:15.167 INFO  (coreLoadExecutor-13-thread-1) [   x:tester] o.a.s.c.SolrCore [[tester] ] Opening new SolrCore at [/home/silas/site/myproject/solr/server/solr/tester], dataDir=[/home/silas/site/myproject/solr/server/solr/tester/data/]
2023-04-30 20:09:15.337 WARN  (coreLoadExecutor-13-thread-1) [   x:tester] o.a.s.c.PluginBag Multiple entries of searchComponent with name spellcheck
2023-04-30 20:09:15.664 INFO  (coreLoadExecutor-13-thread-1) [   x:tester] o.a.s.u.UpdateHandler Using UpdateLog implementation: org.apache.solr.update.UpdateLog
2023-04-30 20:09:15.664 INFO  (coreLoadExecutor-13-thread-1) [   x:tester] o.a.s.u.UpdateLog Initializing UpdateLog: dataDir= defaultSyncLevel=FLUSH numRecordsToKeep=100 maxNumLogsToKeep=10 numVersionBuckets=65536
2023-04-30 20:09:15.684 INFO  (coreLoadExecutor-13-thread-1) [   x:tester] o.a.s.u.CommitTracker Hard AutoCommit: if uncommitted for 15000ms; 
2023-04-30 20:09:15.684 INFO  (coreLoadExecutor-13-thread-1) [   x:tester] o.a.s.u.CommitTracker Soft AutoCommit: disabled
2023-04-30 20:09:15.875 INFO  (coreLoadExecutor-13-thread-1) [   x:tester] o.a.s.r.ManagedResourceStorage File-based storage initialized to use dir: /home/silas/site/myproject/solr/server/solr/tester/conf
2023-04-30 20:09:15.896 INFO  (coreLoadExecutor-13-thread-1) [   x:tester] o.a.s.h.c.SpellCheckComponent Initializing spell checkers
2023-04-30 20:09:15.901 INFO  (coreLoadExecutor-13-thread-1) [   x:tester] o.a.s.s.DirectSolrSpellChecker init: {name=default,field=_text_,classname=solr.DirectSolrSpellChecker,distanceMeasure=internal,accuracy=0.5,maxEdits=2,minPrefix=1,maxInspections=5,minQueryLength=4,maxQueryFrequency=0.01}
2023-04-30 20:09:15.908 INFO  (coreLoadExecutor-13-thread-1) [   x:tester] o.a.s.h.c.SpellCheckComponent Initializing spell checkers
2023-04-30 20:09:15.908 INFO  (coreLoadExecutor-13-thread-1) [   x:tester] o.a.s.s.DirectSolrSpellChecker init: {name=default,field=text,classname=solr.DirectSolrSpellChecker,distanceMeasure=internal,accuracy=0.5,maxEdits=2,minPrefix=1,maxInspections=5,minQueryLength=4,maxQueryFrequency=0.01}
2023-04-30 20:09:15.912 INFO  (coreLoadExecutor-13-thread-1) [   x:tester] o.a.s.h.ReplicationHandler Commits will be reserved for 10000 ms
2023-04-30 20:09:15.927 INFO  (searcherExecutor-15-thread-1-processing-x:tester) [   x:tester] o.a.s.c.QuerySenderListener QuerySenderListener done.
2023-04-30 20:09:15.927 INFO  (searcherExecutor-15-thread-1-processing-x:tester) [   x:tester] o.a.s.h.c.SpellCheckComponent Loading spell index for spellchecker: default
2023-04-30 20:09:15.927 INFO  (searcherExecutor-15-thread-1-processing-x:tester) [   x:tester] o.a.s.h.c.SpellCheckComponent Loading spell index for spellchecker: default
2023-04-30 20:09:15.934 INFO  (searcherExecutor-15-thread-1-processing-x:tester) [   x:tester] o.a.s.c.SolrCore [tester]  Registered new searcher autowarm time: 0 ms
2023-04-30 20:09:27.907 WARN  (qtp208684473-20) [   x:tester] o.a.s.h.l.XMLLoader Ignoring field boost: 1.0 as index-time boosts are not supported anymore
2023-04-30 20:09:28.131 INFO  (searcherExecutor-15-thread-1-processing-x:tester) [   x:tester] o.a.s.c.QuerySenderListener QuerySenderListener done.
2023-04-30 20:09:28.140 INFO  (searcherExecutor-15-thread-1-processing-x:tester) [   x:tester] o.a.s.c.SolrCore [tester]  Registered new searcher autowarm time: 6 ms
2023-04-30 20:09:28.151 INFO  (qtp208684473-20) [   x:tester] o.a.s.u.p.LogUpdateProcessorFactory [tester]  webapp=/solr path=/update params={commit=true}{add=[catalog.book.1 (1764633207541596160), catalog.book.2 (1764633207614996480), catalog.book.3 (1764633207624433664), catalog.book.4 (1764633207626530816), catalog.book.7 (1764633207627579392), catalog.book.8 (1764633207629676544)],commit=} 0 314
2023-04-30 20:09:28.285 INFO  (searcherExecutor-15-thread-1-processing-x:tester) [   x:tester] o.a.s.c.QuerySenderListener QuerySenderListener done.
2023-04-30 20:09:28.292 INFO  (searcherExecutor-15-thread-1-processing-x:tester) [   x:tester] o.a.s.c.SolrCore [tester]  Registered new searcher autowarm time: 0 ms
2023-04-30 20:09:28.299 INFO  (qtp208684473-16) [   x:tester] o.a.s.u.p.LogUpdateProcessorFactory [tester]  webapp=/solr path=/update params={commit=true}{add=[catalog.author.4 (1764633207820517376), catalog.author.5 (1764633207833100288), catalog.author.6 (1764633207836246016), catalog.author.7 (1764633207843586048)],commit=} 0 124
2023-04-30 20:09:35.010 INFO  (qtp208684473-15) [   x:tester] o.a.s.c.S.Request [tester]  webapp=/solr path=/select params={q=(lord)&df=text&fl=*+score&start=0&fq=django_ct:(catalog.author+OR+catalog.book)&rows=20&wt=json} hits=3 status=0 QTime=57
2023-04-30 20:21:23.027 INFO  (qtp208684473-22) [   x:tester] o.a.s.c.S.Request [tester]  webapp=/solr path=/select params={q=(Mystborn)&df=text&fl=*+score&start=0&fq=django_ct:(catalog.book)&rows=20&wt=json} hits=0 status=0 QTime=4
2023-04-30 20:21:23.034 INFO  (qtp208684473-21) [   x:tester] o.a.s.c.S.Request [tester]  webapp=/solr path=/select params={q=(Mystborn)&df=text&fl=*+score&start=0&fq=django_ct:(catalog.book)&rows=0&wt=json} hits=0 status=0 QTime=1
2023-04-30 20:21:27.176 INFO  (qtp208684473-19) [   x:tester] o.a.s.c.S.Request [tester]  webapp=/solr path=/select params={q=(Mystborn)&df=text&fl=*+score&start=0&fq=django_ct:(catalog.author+OR+catalog.book)&rows=20&wt=json} hits=0 status=0 QTime=1
2023-04-30 20:21:27.181 INFO  (qtp208684473-21) [   x:tester] o.a.s.c.S.Request [tester]  webapp=/solr path=/select params={q=(Mystborn)&df=text&fl=*+score&start=0&fq=django_ct:(catalog.author+OR+catalog.book)&rows=0&wt=json} hits=0 status=0 QTime=1
2023-04-30 20:21:31.739 INFO  (qtp208684473-16) [   x:tester] o.a.s.c.S.Request [tester]  webapp=/solr path=/select params={q=(Lord)&df=text&fl=*+score&start=0&fq=django_ct:(catalog.author+OR+catalog.book)&rows=20&wt=json} hits=3 status=0 QTime=0
2023-04-30 20:21:46.446 INFO  (qtp208684473-19) [   x:tester] o.a.s.c.S.Request [tester]  webapp=/solr path=/select params={q=(Lord)&df=text&fl=*+score&start=0&fq=django_ct:(catalog.book)&rows=20&wt=json} hits=3 status=0 QTime=11
2023-04-30 20:21:59.852 INFO  (qtp208684473-16) [   x:tester] o.a.s.c.S.Request [tester]  webapp=/solr path=/select params={q=(The)&df=text&fl=*+score&start=0&fq=django_ct:(catalog.author+OR+catalog.book)&rows=20&wt=json} hits=6 status=0 QTime=1
2023-04-30 20:36:46.087 INFO  (qtp208684473-24) [   x:tester] o.a.s.c.S.Request [tester]  webapp=/solr path=/select params={q=(name)&df=text&fl=*+score&start=0&fq=django_ct:(catalog.book)&rows=20&wt=json} hits=2 status=0 QTime=1
