[2023-04-30T16:09:10.961-0400][0.026s] Heap region size: 1M
[2023-04-30T16:09:10.987-0400][0.052s] Using G1
[2023-04-30T16:09:10.987-0400][0.052s] Heap address: 0x00000000e0000000, size: 512 MB, Compressed Oops mode: 32-bit
[2023-04-30T16:09:10.987-0400][0.052s] Mark closed archive regions in map: [0x00000000fff00000, 0x00000000fff6aff8]
[2023-04-30T16:09:10.987-0400][0.052s] Mark open archive regions in map: [0x00000000ffe00000, 0x00000000ffe46ff8]
[2023-04-30T16:09:11.693-0400][0.758s] GC(0) Pause Young (Normal) (G1 Evacuation Pause)
[2023-04-30T16:09:11.693-0400][0.759s] GC(0) Using 4 workers of 4 for evacuation
[2023-04-30T16:09:11.705-0400][0.770s] GC(0)   Pre Evacuate Collection Set: 0.0ms
[2023-04-30T16:09:11.705-0400][0.770s] GC(0)   Evacuate Collection Set: 9.0ms
[2023-04-30T16:09:11.705-0400][0.770s] GC(0)   Post Evacuate Collection Set: 2.8ms
[2023-04-30T16:09:11.705-0400][0.770s] GC(0)   Other: 0.7ms
[2023-04-30T16:09:11.705-0400][0.770s] GC(0) Eden regions: 25->0(304)
[2023-04-30T16:09:11.705-0400][0.770s] GC(0) Survivor regions: 0->3(4)
[2023-04-30T16:09:11.705-0400][0.770s] GC(0) Old regions: 2->2
[2023-04-30T16:09:11.705-0400][0.770s] GC(0) Humongous regions: 0->0
[2023-04-30T16:09:11.705-0400][0.770s] GC(0) Metaspace: 6647K->6647K(1056768K)
[2023-04-30T16:09:11.705-0400][0.771s] GC(0) Pause Young (Normal) (G1 Evacuation Pause) 25M->3M(512M) 12.617ms
[2023-04-30T16:09:11.705-0400][0.771s] GC(0) User=0.02s Sys=0.00s Real=0.01s
[2023-04-30T16:09:12.230-0400][1.295s] GC(1) Pause Young (Normal) (G1 Evacuation Pause)
[2023-04-30T16:09:12.230-0400][1.295s] GC(1) Using 4 workers of 4 for evacuation
[2023-04-30T16:09:12.246-0400][1.311s] GC(1)   Pre Evacuate Collection Set: 0.0ms
[2023-04-30T16:09:12.246-0400][1.311s] GC(1)   Evacuate Collection Set: 16.0ms
[2023-04-30T16:09:12.246-0400][1.311s] GC(1)   Post Evacuate Collection Set: 0.3ms
[2023-04-30T16:09:12.246-0400][1.311s] GC(1)   Other: 0.3ms
[2023-04-30T16:09:12.246-0400][1.311s] GC(1) Eden regions: 23->0(43)
[2023-04-30T16:09:12.246-0400][1.311s] GC(1) Survivor regions: 3->4(4)
[2023-04-30T16:09:12.246-0400][1.311s] GC(1) Old regions: 2->10
[2023-04-30T16:09:12.246-0400][1.311s] GC(1) Humongous regions: 4->4
[2023-04-30T16:09:12.246-0400][1.311s] GC(1) Metaspace: 13217K->13217K(1060864K)
[2023-04-30T16:09:12.246-0400][1.311s] GC(1) Pause Young (Normal) (G1 Evacuation Pause) 30M->16M(512M) 16.693ms
[2023-04-30T16:09:12.246-0400][1.311s] GC(1) User=0.04s Sys=0.01s Real=0.02s
[2023-04-30T16:09:12.783-0400][1.848s] GC(2) Pause Young (Normal) (G1 Evacuation Pause)
[2023-04-30T16:09:12.783-0400][1.848s] GC(2) Using 4 workers of 4 for evacuation
[2023-04-30T16:09:12.795-0400][1.860s] GC(2)   Pre Evacuate Collection Set: 0.0ms
[2023-04-30T16:09:12.795-0400][1.860s] GC(2)   Evacuate Collection Set: 7.0ms
[2023-04-30T16:09:12.795-0400][1.860s] GC(2)   Post Evacuate Collection Set: 5.3ms
[2023-04-30T16:09:12.795-0400][1.860s] GC(2)   Other: 0.1ms
[2023-04-30T16:09:12.795-0400][1.860s] GC(2) Eden regions: 43->0(53)
[2023-04-30T16:09:12.795-0400][1.860s] GC(2) Survivor regions: 4->6(6)
[2023-04-30T16:09:12.795-0400][1.860s] GC(2) Old regions: 10->15
[2023-04-30T16:09:12.795-0400][1.860s] GC(2) Humongous regions: 4->4
[2023-04-30T16:09:12.795-0400][1.860s] GC(2) Metaspace: 17872K->17872K(1064960K)
[2023-04-30T16:09:12.795-0400][1.860s] GC(2) Pause Young (Normal) (G1 Evacuation Pause) 59M->23M(512M) 12.490ms
[2023-04-30T16:09:12.795-0400][1.860s] GC(2) User=0.04s Sys=0.00s Real=0.01s
[2023-04-30T16:09:12.948-0400][2.013s] GC(3) Pause Young (Concurrent Start) (Metadata GC Threshold)
[2023-04-30T16:09:12.948-0400][2.013s] GC(3) Using 4 workers of 4 for evacuation
[2023-04-30T16:09:12.952-0400][2.017s] GC(3)   Pre Evacuate Collection Set: 0.0ms
[2023-04-30T16:09:12.952-0400][2.017s] GC(3)   Evacuate Collection Set: 3.6ms
[2023-04-30T16:09:12.952-0400][2.017s] GC(3)   Post Evacuate Collection Set: 0.5ms
[2023-04-30T16:09:12.952-0400][2.017s] GC(3)   Other: 0.2ms
[2023-04-30T16:09:12.952-0400][2.017s] GC(3) Eden regions: 21->0(54)
[2023-04-30T16:09:12.952-0400][2.017s] GC(3) Survivor regions: 6->1(8)
[2023-04-30T16:09:12.952-0400][2.017s] GC(3) Old regions: 15->21
[2023-04-30T16:09:12.952-0400][2.017s] GC(3) Humongous regions: 4->4
[2023-04-30T16:09:12.952-0400][2.017s] GC(3) Metaspace: 20469K->20469K(1069056K)
[2023-04-30T16:09:12.952-0400][2.017s] GC(3) Pause Young (Concurrent Start) (Metadata GC Threshold) 43M->24M(512M) 4.354ms
[2023-04-30T16:09:12.952-0400][2.017s] GC(3) User=0.01s Sys=0.00s Real=0.00s
[2023-04-30T16:09:12.952-0400][2.017s] GC(4) Concurrent Cycle
[2023-04-30T16:09:12.952-0400][2.017s] GC(4) Concurrent Clear Claimed Marks
[2023-04-30T16:09:12.952-0400][2.017s] GC(4) Concurrent Clear Claimed Marks 0.032ms
[2023-04-30T16:09:12.952-0400][2.017s] GC(4) Concurrent Scan Root Regions
[2023-04-30T16:09:12.953-0400][2.018s] GC(4) Concurrent Scan Root Regions 0.321ms
[2023-04-30T16:09:12.953-0400][2.018s] GC(4) Concurrent Mark (2.018s)
[2023-04-30T16:09:12.953-0400][2.018s] GC(4) Concurrent Mark From Roots
[2023-04-30T16:09:12.953-0400][2.018s] GC(4) Using 1 workers of 1 for marking
[2023-04-30T16:09:12.979-0400][2.044s] GC(4) Concurrent Mark From Roots 25.932ms
[2023-04-30T16:09:12.979-0400][2.044s] GC(4) Concurrent Preclean
[2023-04-30T16:09:12.979-0400][2.044s] GC(4) Concurrent Preclean 0.130ms
[2023-04-30T16:09:12.979-0400][2.044s] GC(4) Concurrent Mark (2.018s, 2.044s) 26.116ms
[2023-04-30T16:09:12.979-0400][2.044s] GC(4) Pause Remark
[2023-04-30T16:09:12.983-0400][2.048s] GC(4) Cleaned string and symbol table, strings: 8742 processed, 23 removed, symbols: 63251 processed, 34 removed
[2023-04-30T16:09:12.983-0400][2.048s] GC(4) Pause Remark 27M->27M(512M) 4.232ms
[2023-04-30T16:09:12.983-0400][2.048s] GC(4) User=0.02s Sys=0.00s Real=0.01s
[2023-04-30T16:09:12.983-0400][2.048s] GC(4) Concurrent Rebuild Remembered Sets
[2023-04-30T16:09:13.004-0400][2.069s] GC(4) Concurrent Rebuild Remembered Sets 20.552ms
[2023-04-30T16:09:13.004-0400][2.069s] GC(4) Pause Cleanup
[2023-04-30T16:09:13.004-0400][2.069s] GC(4) Pause Cleanup 29M->29M(512M) 0.087ms
[2023-04-30T16:09:13.004-0400][2.069s] GC(4) User=0.00s Sys=0.00s Real=0.00s
[2023-04-30T16:09:13.004-0400][2.069s] GC(4) Concurrent Cleanup for Next Mark
[2023-04-30T16:09:13.004-0400][2.070s] GC(4) Concurrent Cleanup for Next Mark 0.458ms
[2023-04-30T16:09:13.004-0400][2.070s] GC(4) Concurrent Cycle 52.235ms
[2023-04-30T16:09:13.789-0400][2.854s] GC(5) Pause Young (Concurrent Start) (G1 Evacuation Pause)
[2023-04-30T16:09:13.789-0400][2.854s] GC(5) Using 4 workers of 4 for evacuation
[2023-04-30T16:09:13.797-0400][2.862s] GC(5)   Pre Evacuate Collection Set: 0.0ms
[2023-04-30T16:09:13.797-0400][2.862s] GC(5)   Evacuate Collection Set: 5.7ms
[2023-04-30T16:09:13.797-0400][2.862s] GC(5)   Post Evacuate Collection Set: 2.5ms
[2023-04-30T16:09:13.797-0400][2.862s] GC(5)   Other: 0.1ms
[2023-04-30T16:09:13.797-0400][2.862s] GC(5) Eden regions: 54->0(120)
[2023-04-30T16:09:13.797-0400][2.862s] GC(5) Survivor regions: 1->2(7)
[2023-04-30T16:09:13.797-0400][2.862s] GC(5) Old regions: 21->21
[2023-04-30T16:09:13.797-0400][2.862s] GC(5) Humongous regions: 4->4
[2023-04-30T16:09:13.797-0400][2.862s] GC(5) Metaspace: 26710K->26710K(1073152K)
[2023-04-30T16:09:13.797-0400][2.862s] GC(5) Pause Young (Concurrent Start) (G1 Evacuation Pause) 78M->25M(512M) 8.481ms
[2023-04-30T16:09:13.797-0400][2.862s] GC(5) User=0.03s Sys=0.00s Real=0.01s
[2023-04-30T16:09:13.797-0400][2.862s] GC(6) Concurrent Cycle
[2023-04-30T16:09:13.797-0400][2.862s] GC(6) Concurrent Clear Claimed Marks
[2023-04-30T16:09:13.797-0400][2.862s] GC(6) Concurrent Clear Claimed Marks 0.041ms
[2023-04-30T16:09:13.797-0400][2.862s] GC(6) Concurrent Scan Root Regions
[2023-04-30T16:09:13.798-0400][2.864s] GC(6) Concurrent Scan Root Regions 1.251ms
[2023-04-30T16:09:13.798-0400][2.864s] GC(6) Concurrent Mark (2.864s)
[2023-04-30T16:09:13.798-0400][2.864s] GC(6) Concurrent Mark From Roots
[2023-04-30T16:09:13.799-0400][2.864s] GC(6) Using 1 workers of 1 for marking
[2023-04-30T16:09:13.825-0400][2.891s] GC(6) Concurrent Mark From Roots 26.928ms
[2023-04-30T16:09:13.825-0400][2.891s] GC(6) Concurrent Preclean
[2023-04-30T16:09:13.826-0400][2.891s] GC(6) Concurrent Preclean 0.108ms
[2023-04-30T16:09:13.826-0400][2.891s] GC(6) Concurrent Mark (2.864s, 2.891s) 27.085ms
[2023-04-30T16:09:13.826-0400][2.891s] GC(6) Pause Remark
[2023-04-30T16:09:13.829-0400][2.894s] GC(6) Cleaned string and symbol table, strings: 11727 processed, 2 removed, symbols: 81298 processed, 32 removed
[2023-04-30T16:09:13.829-0400][2.894s] GC(6) Pause Remark 26M->26M(512M) 2.981ms
[2023-04-30T16:09:13.829-0400][2.894s] GC(6) User=0.01s Sys=0.00s Real=0.00s
[2023-04-30T16:09:13.829-0400][2.894s] GC(6) Concurrent Rebuild Remembered Sets
[2023-04-30T16:09:13.843-0400][2.908s] GC(6) Concurrent Rebuild Remembered Sets 13.835ms
[2023-04-30T16:09:13.843-0400][2.908s] GC(6) Pause Cleanup
[2023-04-30T16:09:13.843-0400][2.908s] GC(6) Pause Cleanup 27M->27M(512M) 0.121ms
[2023-04-30T16:09:13.843-0400][2.908s] GC(6) User=0.00s Sys=0.00s Real=0.00s
[2023-04-30T16:09:13.843-0400][2.908s] GC(6) Concurrent Cleanup for Next Mark
[2023-04-30T16:09:13.844-0400][2.909s] GC(6) Concurrent Cleanup for Next Mark 0.489ms
[2023-04-30T16:09:13.844-0400][2.909s] GC(6) Concurrent Cycle 46.386ms
[2023-04-30T16:09:14.955-0400][4.020s] GC(7) Pause Young (Normal) (G1 Evacuation Pause)
[2023-04-30T16:09:14.955-0400][4.020s] GC(7) Using 4 workers of 4 for evacuation
[2023-04-30T16:09:14.965-0400][4.030s] GC(7)   Pre Evacuate Collection Set: 0.0ms
[2023-04-30T16:09:14.965-0400][4.030s] GC(7)   Evacuate Collection Set: 8.7ms
[2023-04-30T16:09:14.965-0400][4.030s] GC(7)   Post Evacuate Collection Set: 1.1ms
[2023-04-30T16:09:14.965-0400][4.030s] GC(7)   Other: 0.1ms
[2023-04-30T16:09:14.965-0400][4.030s] GC(7) Eden regions: 120->0(163)
[2023-04-30T16:09:14.965-0400][4.030s] GC(7) Survivor regions: 2->8(16)
[2023-04-30T16:09:14.965-0400][4.030s] GC(7) Old regions: 21->21
[2023-04-30T16:09:14.965-0400][4.030s] GC(7) Humongous regions: 5->4
[2023-04-30T16:09:14.965-0400][4.030s] GC(7) Metaspace: 36498K->36498K(1083392K)
[2023-04-30T16:09:14.965-0400][4.030s] GC(7) Pause Young (Normal) (G1 Evacuation Pause) 146M->30M(512M) 9.997ms
[2023-04-30T16:09:14.965-0400][4.030s] GC(7) User=0.03s Sys=0.00s Real=0.01s
[2023-04-30T16:09:15.835-0400][4.900s] GC(8) Pause Young (Concurrent Start) (Metadata GC Threshold)
[2023-04-30T16:09:15.835-0400][4.900s] GC(8) Using 4 workers of 4 for evacuation
[2023-04-30T16:09:15.849-0400][4.914s] GC(8)   Pre Evacuate Collection Set: 0.1ms
[2023-04-30T16:09:15.849-0400][4.914s] GC(8)   Evacuate Collection Set: 12.8ms
[2023-04-30T16:09:15.849-0400][4.914s] GC(8)   Post Evacuate Collection Set: 1.5ms
[2023-04-30T16:09:15.849-0400][4.914s] GC(8)   Other: 0.2ms
[2023-04-30T16:09:15.849-0400][4.914s] GC(8) Eden regions: 144->0(293)
[2023-04-30T16:09:15.849-0400][4.914s] GC(8) Survivor regions: 8->14(22)
[2023-04-30T16:09:15.849-0400][4.914s] GC(8) Old regions: 21->21
[2023-04-30T16:09:15.849-0400][4.914s] GC(8) Humongous regions: 4->4
[2023-04-30T16:09:15.849-0400][4.914s] GC(8) Metaspace: 45347K->45347K(1089536K)
[2023-04-30T16:09:15.849-0400][4.914s] GC(8) Pause Young (Concurrent Start) (Metadata GC Threshold) 174M->37M(512M) 14.552ms
[2023-04-30T16:09:15.849-0400][4.914s] GC(8) User=0.03s Sys=0.01s Real=0.01s
[2023-04-30T16:09:15.849-0400][4.914s] GC(9) Concurrent Cycle
[2023-04-30T16:09:15.849-0400][4.914s] GC(9) Concurrent Clear Claimed Marks
[2023-04-30T16:09:15.849-0400][4.915s] GC(9) Concurrent Clear Claimed Marks 0.061ms
[2023-04-30T16:09:15.849-0400][4.915s] GC(9) Concurrent Scan Root Regions
[2023-04-30T16:09:15.857-0400][4.922s] GC(9) Concurrent Scan Root Regions 7.222ms
[2023-04-30T16:09:15.857-0400][4.922s] GC(9) Concurrent Mark (4.922s)
[2023-04-30T16:09:15.857-0400][4.922s] GC(9) Concurrent Mark From Roots
[2023-04-30T16:09:15.857-0400][4.922s] GC(9) Using 1 workers of 1 for marking
[2023-04-30T16:09:15.884-0400][4.949s] GC(9) Concurrent Mark From Roots 26.730ms
[2023-04-30T16:09:15.884-0400][4.949s] GC(9) Concurrent Preclean
[2023-04-30T16:09:15.884-0400][4.949s] GC(9) Concurrent Preclean 0.155ms
[2023-04-30T16:09:15.884-0400][4.949s] GC(9) Concurrent Mark (4.922s, 4.949s) 27.156ms
[2023-04-30T16:09:15.887-0400][4.952s] GC(9) Pause Remark
[2023-04-30T16:09:15.893-0400][4.958s] GC(9) Cleaned string and symbol table, strings: 22041 processed, 0 removed, symbols: 134737 processed, 568 removed
[2023-04-30T16:09:15.893-0400][4.958s] GC(9) Pause Remark 40M->40M(512M) 5.782ms
[2023-04-30T16:09:15.893-0400][4.958s] GC(9) User=0.01s Sys=0.00s Real=0.01s
[2023-04-30T16:09:15.893-0400][4.958s] GC(9) Concurrent Rebuild Remembered Sets
[2023-04-30T16:09:15.908-0400][4.973s] GC(9) Concurrent Rebuild Remembered Sets 14.772ms
[2023-04-30T16:09:15.908-0400][4.973s] GC(9) Pause Cleanup
[2023-04-30T16:09:15.908-0400][4.974s] GC(9) Pause Cleanup 43M->43M(512M) 0.081ms
[2023-04-30T16:09:15.908-0400][4.974s] GC(9) User=0.00s Sys=0.00s Real=0.00s
[2023-04-30T16:09:15.908-0400][4.974s] GC(9) Concurrent Cleanup for Next Mark
[2023-04-30T16:09:15.909-0400][4.974s] GC(9) Concurrent Cleanup for Next Mark 0.507ms
[2023-04-30T16:09:15.909-0400][4.974s] GC(9) Concurrent Cycle 59.814ms
